This file contains any messages produced by compilers while
running configure, to aid debugging if configure makes a mistake.

It was created by sandesha2c-src configure 0.91, which was
generated by GNU Autoconf 2.69.  Invocation command line was

  $ ./configure --with-axis2=/usr/local/axis2c/include/axis2-1.6.0 --prefix=/usr/local/axis2c/

## --------- ##
## Platform. ##
## --------- ##

hostname = Alexiss-MacBook.local
uname -m = x86_64
uname -r = 14.5.0
uname -s = Darwin
uname -v = Darwin Kernel Version 14.5.0: Wed Jul 29 02:26:53 PDT 2015; root:xnu-2782.40.9~1/RELEASE_X86_64

/usr/bin/uname -p = i386
/bin/uname -X     = unknown

/bin/arch              = unknown
/usr/bin/arch -k       = unknown
/usr/convex/getsysinfo = unknown
/usr/bin/hostinfo      = Mach kernel version:
	 Darwin Kernel Version 14.5.0: Wed Jul 29 02:26:53 PDT 2015; root:xnu-2782.40.9~1/RELEASE_X86_64
Kernel configured for up to 4 processors.
2 processors are physically available.
4 processors are logically available.
Processor type: x86_64h (Intel x86-64h Haswell)
Processors active: 0 1 2 3
Primary memory available: 8.00 gigabytes
Default processor set: 250 tasks, 1320 threads, 4 processors
Load average: 2.46, Mach factor: 1.70
/bin/machine           = unknown
/usr/bin/oslevel       = unknown
/bin/universe          = unknown

PATH: /usr/local/bin
PATH: /usr/bin
PATH: /bin
PATH: /usr/sbin
PATH: /sbin


## ----------- ##
## Core tests. ##
## ----------- ##

configure:2387: checking build system type
configure:2401: result: x86_64-apple-darwin14.5.0
configure:2421: checking host system type
configure:2434: result: x86_64-apple-darwin14.5.0
configure:2454: checking target system type
configure:2467: result: x86_64-apple-darwin14.5.0
configure:2512: checking for a BSD-compatible install
configure:2580: result: /usr/bin/install -c
configure:2591: checking whether build environment is sane
configure:2646: result: yes
configure:2797: checking for a thread-safe mkdir -p
configure:2836: result: ./install-sh -c -d
configure:2843: checking for gawk
configure:2873: result: no
configure:2843: checking for mawk
configure:2873: result: no
configure:2843: checking for nawk
configure:2873: result: no
configure:2843: checking for awk
configure:2859: found /usr/bin/awk
configure:2870: result: awk
configure:2881: checking whether make sets $(MAKE)
configure:2903: result: yes
configure:2932: checking whether make supports nested variables
configure:2949: result: yes
configure:3126: checking for gcc
configure:3142: found /usr/bin/gcc
configure:3153: result: gcc
configure:3382: checking for C compiler version
configure:3391: gcc --version >&5
Apple LLVM version 7.0.2 (clang-700.1.81)
Target: x86_64-apple-darwin14.5.0
Thread model: posix
Configured with: --prefix=/Applications/Xcode.app/Contents/Developer/usr --with-gxx-include-dir=/usr/include/c++/4.2.1
configure:3402: $? = 0
configure:3391: gcc -v >&5
Configured with: --prefix=/Applications/Xcode.app/Contents/Developer/usr --with-gxx-include-dir=/usr/include/c++/4.2.1
Apple LLVM version 7.0.2 (clang-700.1.81)
Target: x86_64-apple-darwin14.5.0
Thread model: posix
configure:3402: $? = 0
configure:3391: gcc -V >&5
clang: error: argument to '-V' is missing (expected 1 value)
clang: error: no input files
configure:3402: $? = 1
configure:3391: gcc -qversion >&5
clang: error: unknown argument: '-qversion'
clang: error: no input files
configure:3402: $? = 1
configure:3422: checking whether the C compiler works
configure:3444: gcc    conftest.c  >&5
configure:3448: $? = 0
configure:3496: result: yes
configure:3499: checking for C compiler default output file name
configure:3501: result: a.out
configure:3507: checking for suffix of executables
configure:3514: gcc -o conftest    conftest.c  >&5
configure:3518: $? = 0
configure:3540: result: 
configure:3562: checking whether we are cross compiling
configure:3570: gcc -o conftest    conftest.c  >&5
configure:3574: $? = 0
configure:3581: ./conftest
configure:3585: $? = 0
configure:3600: result: no
configure:3605: checking for suffix of object files
configure:3627: gcc -c   conftest.c >&5
configure:3631: $? = 0
configure:3652: result: o
configure:3656: checking whether we are using the GNU C compiler
configure:3675: gcc -c   conftest.c >&5
configure:3675: $? = 0
configure:3684: result: yes
configure:3693: checking whether gcc accepts -g
configure:3713: gcc -c -g  conftest.c >&5
configure:3713: $? = 0
configure:3754: result: yes
configure:3771: checking for gcc option to accept ISO C89
configure:3834: gcc  -c -g -O2  conftest.c >&5
configure:3834: $? = 0
configure:3847: result: none needed
configure:3872: checking whether gcc understands -c and -o together
configure:3894: gcc -c conftest.c -o conftest2.o
configure:3897: $? = 0
configure:3894: gcc -c conftest.c -o conftest2.o
configure:3897: $? = 0
configure:3909: result: yes
configure:3937: checking for style of include used by make
configure:3965: result: GNU
configure:3991: checking dependency style of gcc
configure:4102: result: gcc3
configure:4175: checking for g++
configure:4191: found /usr/bin/g++
configure:4202: result: g++
configure:4229: checking for C++ compiler version
configure:4238: g++ --version >&5
Apple LLVM version 7.0.2 (clang-700.1.81)
Target: x86_64-apple-darwin14.5.0
Thread model: posix
Configured with: --prefix=/Applications/Xcode.app/Contents/Developer/usr --with-gxx-include-dir=/usr/include/c++/4.2.1
configure:4249: $? = 0
configure:4238: g++ -v >&5
Configured with: --prefix=/Applications/Xcode.app/Contents/Developer/usr --with-gxx-include-dir=/usr/include/c++/4.2.1
Apple LLVM version 7.0.2 (clang-700.1.81)
Target: x86_64-apple-darwin14.5.0
Thread model: posix
configure:4249: $? = 0
configure:4238: g++ -V >&5
clang: error: argument to '-V' is missing (expected 1 value)
clang: error: no input files
configure:4249: $? = 1
configure:4238: g++ -qversion >&5
clang: error: unknown argument: '-qversion'
clang: error: no input files
configure:4249: $? = 1
configure:4253: checking whether we are using the GNU C++ compiler
configure:4272: g++ -c   conftest.cpp >&5
configure:4272: $? = 0
configure:4281: result: yes
configure:4290: checking whether g++ accepts -g
configure:4310: g++ -c -g  conftest.cpp >&5
configure:4310: $? = 0
configure:4351: result: yes
configure:4376: checking dependency style of g++
configure:4487: result: gcc3
configure:4507: checking how to run the C preprocessor
configure:4538: gcc -E  conftest.c
configure:4538: $? = 0
configure:4552: gcc -E  conftest.c
conftest.c:11:10: fatal error: 'ac_nonexistent.h' file not found
#include <ac_nonexistent.h>
         ^
1 error generated.
configure:4552: $? = 1
configure: failed program was:
| /* confdefs.h */
| #define PACKAGE_NAME "sandesha2c-src"
| #define PACKAGE_TARNAME "sandesha2c-src"
| #define PACKAGE_VERSION "0.91"
| #define PACKAGE_STRING "sandesha2c-src 0.91"
| #define PACKAGE_BUGREPORT ""
| #define PACKAGE_URL ""
| #define PACKAGE "sandesha2c-src"
| #define VERSION "0.91"
| /* end confdefs.h.  */
| #include <ac_nonexistent.h>
configure:4577: result: gcc -E
configure:4597: gcc -E  conftest.c
configure:4597: $? = 0
configure:4611: gcc -E  conftest.c
conftest.c:11:10: fatal error: 'ac_nonexistent.h' file not found
#include <ac_nonexistent.h>
         ^
1 error generated.
configure:4611: $? = 1
configure: failed program was:
| /* confdefs.h */
| #define PACKAGE_NAME "sandesha2c-src"
| #define PACKAGE_TARNAME "sandesha2c-src"
| #define PACKAGE_VERSION "0.91"
| #define PACKAGE_STRING "sandesha2c-src 0.91"
| #define PACKAGE_BUGREPORT ""
| #define PACKAGE_URL ""
| #define PACKAGE "sandesha2c-src"
| #define VERSION "0.91"
| /* end confdefs.h.  */
| #include <ac_nonexistent.h>
configure:4685: checking how to print strings
configure:4712: result: printf
configure:4733: checking for a sed that does not truncate output
configure:4797: result: /usr/bin/sed
configure:4815: checking for grep that handles long lines and -e
configure:4873: result: /usr/bin/grep
configure:4878: checking for egrep
configure:4940: result: /usr/bin/grep -E
configure:4945: checking for fgrep
configure:5007: result: /usr/bin/grep -F
configure:5042: checking for ld used by gcc
configure:5109: result: /Applications/Xcode.app/Contents/Developer/Toolchains/XcodeDefault.xctoolchain/usr/bin/ld
configure:5116: checking if the linker (/Applications/Xcode.app/Contents/Developer/Toolchains/XcodeDefault.xctoolchain/usr/bin/ld) is GNU ld
configure:5131: result: no
configure:5143: checking for BSD- or MS-compatible name lister (nm)
configure:5197: result: /usr/bin/nm
configure:5327: checking the name lister (/usr/bin/nm) interface
configure:5334: gcc -c -g -O2  conftest.c >&5
configure:5337: /usr/bin/nm "conftest.o"
configure:5340: output
00000000000001f0 S _some_variable
configure:5347: result: BSD nm
configure:5350: checking whether ln -s works
configure:5354: result: yes
configure:5362: checking the maximum length of command line arguments
configure:5493: result: 196608
configure:5541: checking how to convert x86_64-apple-darwin14.5.0 file names to x86_64-apple-darwin14.5.0 format
configure:5581: result: func_convert_file_noop
configure:5588: checking how to convert x86_64-apple-darwin14.5.0 file names to toolchain format
configure:5608: result: func_convert_file_noop
configure:5615: checking for /Applications/Xcode.app/Contents/Developer/Toolchains/XcodeDefault.xctoolchain/usr/bin/ld option to reload object files
configure:5622: result: -r
configure:5696: checking for objdump
configure:5726: result: no
configure:5755: checking how to recognize dependent libraries
configure:5955: result: pass_all
configure:6040: checking for dlltool
configure:6070: result: no
configure:6100: checking how to associate runtime and link libraries
configure:6127: result: printf %s\n
configure:6188: checking for ar
configure:6204: found /usr/bin/ar
configure:6215: result: ar
configure:6252: checking for archiver @FILE support
configure:6269: gcc -c -g -O2  conftest.c >&5
configure:6269: $? = 0
configure:6272: ar cru libconftest.a @conftest.lst >&5
ar: @conftest.lst: No such file or directory
configure:6275: $? = 1
configure:6295: result: no
configure:6353: checking for strip
configure:6369: found /usr/bin/strip
configure:6380: result: strip
configure:6452: checking for ranlib
configure:6468: found /usr/bin/ranlib
configure:6479: result: ranlib
configure:6581: checking command to parse /usr/bin/nm output from gcc object
configure:6734: gcc -c -g -O2  conftest.c >&5
configure:6737: $? = 0
configure:6741: /usr/bin/nm conftest.o \| sed -n -e 's/^.*[ ]\([BCDEGRST][BCDEGRST]*\)[ ][ ]*\([_A-Za-z][_A-Za-z0-9]*\)$/\1 \2 \2/p' | sed '/ __gnu_lto/d' \> conftest.nm
configure:6744: $? = 0
cannot find nm_test_var in conftest.nm
configure:6734: gcc -c -g -O2  conftest.c >&5
configure:6737: $? = 0
configure:6741: /usr/bin/nm conftest.o \| sed -n -e 's/^.*[ ]\([BCDEGRST][BCDEGRST]*\)[ ][ ]*_\([_A-Za-z][_A-Za-z0-9]*\)$/\1 _\2 \2/p' | sed '/ __gnu_lto/d' \> conftest.nm
configure:6744: $? = 0
configure:6810: gcc -o conftest -g -O2   conftest.c conftstm.o >&5
warning: (x86_64)  could not find object file symbol for symbol _main
configure:6813: $? = 0
configure:6851: result: ok
configure:6898: checking for sysroot
configure:6928: result: no
configure:6935: checking for a working dd
configure:6973: result: /bin/dd
configure:6977: checking how to truncate binary pipes
configure:6992: result: /bin/dd bs=4096 count=1
configure:7321: checking for mt
configure:7351: result: no
configure:7371: checking if : is a manifest tool
configure:7377: : '-?'
configure:7385: result: no
configure:7441: checking for dsymutil
configure:7457: found /usr/bin/dsymutil
configure:7468: result: dsymutil
configure:7533: checking for nmedit
configure:7549: found /usr/bin/nmedit
configure:7560: result: nmedit
configure:7625: checking for lipo
configure:7641: found /usr/bin/lipo
configure:7652: result: lipo
configure:7717: checking for otool
configure:7733: found /usr/bin/otool
configure:7744: result: otool
configure:7809: checking for otool64
configure:7839: result: no
configure:7884: checking for -single_module linker flag
gcc -g -O2  -o libconftest.dylib -dynamiclib -Wl,-single_module conftest.c
configure:7917: result: yes
configure:7920: checking for -exported_symbols_list linker flag
configure:7940: gcc -o conftest -g -O2   -Wl,-exported_symbols_list,conftest.sym conftest.c  >&5
configure:7940: $? = 0
configure:7950: result: yes
configure:7953: checking for -force_load linker flag
gcc -g -O2 -c -o conftest.o conftest.c
ar cru libconftest.a conftest.o
ranlib libconftest.a
gcc -g -O2  -o conftest conftest.c -Wl,-force_load,./libconftest.a
configure:7985: result: yes
configure:8058: checking for ANSI C header files
configure:8078: gcc -c -g -O2  conftest.c >&5
configure:8078: $? = 0
configure:8151: gcc -o conftest -g -O2   conftest.c  >&5
configure:8151: $? = 0
configure:8151: ./conftest
configure:8151: $? = 0
configure:8162: result: yes
configure:8175: checking for sys/types.h
configure:8175: gcc -c -g -O2  conftest.c >&5
configure:8175: $? = 0
configure:8175: result: yes
configure:8175: checking for sys/stat.h
configure:8175: gcc -c -g -O2  conftest.c >&5
configure:8175: $? = 0
configure:8175: result: yes
configure:8175: checking for stdlib.h
configure:8175: gcc -c -g -O2  conftest.c >&5
configure:8175: $? = 0
configure:8175: result: yes
configure:8175: checking for string.h
configure:8175: gcc -c -g -O2  conftest.c >&5
configure:8175: $? = 0
configure:8175: result: yes
configure:8175: checking for memory.h
configure:8175: gcc -c -g -O2  conftest.c >&5
configure:8175: $? = 0
configure:8175: result: yes
configure:8175: checking for strings.h
configure:8175: gcc -c -g -O2  conftest.c >&5
configure:8175: $? = 0
configure:8175: result: yes
configure:8175: checking for inttypes.h
configure:8175: gcc -c -g -O2  conftest.c >&5
configure:8175: $? = 0
configure:8175: result: yes
configure:8175: checking for stdint.h
configure:8175: gcc -c -g -O2  conftest.c >&5
configure:8175: $? = 0
configure:8175: result: yes
configure:8175: checking for unistd.h
configure:8175: gcc -c -g -O2  conftest.c >&5
configure:8175: $? = 0
configure:8175: result: yes
configure:8189: checking for dlfcn.h
configure:8189: gcc -c -g -O2  conftest.c >&5
configure:8189: $? = 0
configure:8189: result: yes
configure:8456: checking for objdir
configure:8471: result: .libs
configure:8731: checking if gcc supports -fno-rtti -fno-exceptions
configure:8749: gcc -c -g -O2  -fno-rtti -fno-exceptions conftest.c >&5
configure:8753: $? = 0
configure:8766: result: yes
configure:9124: checking for gcc option to produce PIC
configure:9131: result: -fno-common -DPIC
configure:9139: checking if gcc PIC flag -fno-common -DPIC works
configure:9157: gcc -c -g -O2  -fno-common -DPIC -DPIC conftest.c >&5
configure:9161: $? = 0
configure:9174: result: yes
configure:9203: checking if gcc static flag -static works
configure:9231: result: no
configure:9246: checking if gcc supports -c -o file.o
configure:9267: gcc -c -g -O2  -o out/conftest2.o conftest.c >&5
configure:9271: $? = 0
configure:9293: result: yes
configure:9301: checking if gcc supports -c -o file.o
configure:9348: result: yes
configure:9381: checking whether the gcc linker (/Applications/Xcode.app/Contents/Developer/Toolchains/XcodeDefault.xctoolchain/usr/bin/ld) supports shared libraries
configure:10640: result: yes
configure:10880: checking dynamic linker characteristics
configure:11698: result: darwin14.5.0 dyld
configure:11820: checking how to hardcode library paths into programs
configure:11845: result: immediate
configure:12393: checking whether stripping libraries is possible
configure:12407: result: yes
configure:12433: checking if libtool supports shared libraries
configure:12435: result: yes
configure:12438: checking whether to build shared libraries
configure:12463: result: yes
configure:12466: checking whether to build static libraries
configure:12470: result: yes
configure:12493: checking how to run the C++ preprocessor
configure:12520: g++ -E  conftest.cpp
configure:12520: $? = 0
configure:12534: g++ -E  conftest.cpp
conftest.cpp:23:10: fatal error: 'ac_nonexistent.h' file not found
#include <ac_nonexistent.h>
         ^
1 error generated.
configure:12534: $? = 1
configure: failed program was:
| /* confdefs.h */
| #define PACKAGE_NAME "sandesha2c-src"
| #define PACKAGE_TARNAME "sandesha2c-src"
| #define PACKAGE_VERSION "0.91"
| #define PACKAGE_STRING "sandesha2c-src 0.91"
| #define PACKAGE_BUGREPORT ""
| #define PACKAGE_URL ""
| #define PACKAGE "sandesha2c-src"
| #define VERSION "0.91"
| #define STDC_HEADERS 1
| #define HAVE_SYS_TYPES_H 1
| #define HAVE_SYS_STAT_H 1
| #define HAVE_STDLIB_H 1
| #define HAVE_STRING_H 1
| #define HAVE_MEMORY_H 1
| #define HAVE_STRINGS_H 1
| #define HAVE_INTTYPES_H 1
| #define HAVE_STDINT_H 1
| #define HAVE_UNISTD_H 1
| #define HAVE_DLFCN_H 1
| #define LT_OBJDIR ".libs/"
| /* end confdefs.h.  */
| #include <ac_nonexistent.h>
configure:12559: result: g++ -E
configure:12579: g++ -E  conftest.cpp
configure:12579: $? = 0
configure:12593: g++ -E  conftest.cpp
conftest.cpp:23:10: fatal error: 'ac_nonexistent.h' file not found
#include <ac_nonexistent.h>
         ^
1 error generated.
configure:12593: $? = 1
configure: failed program was:
| /* confdefs.h */
| #define PACKAGE_NAME "sandesha2c-src"
| #define PACKAGE_TARNAME "sandesha2c-src"
| #define PACKAGE_VERSION "0.91"
| #define PACKAGE_STRING "sandesha2c-src 0.91"
| #define PACKAGE_BUGREPORT ""
| #define PACKAGE_URL ""
| #define PACKAGE "sandesha2c-src"
| #define VERSION "0.91"
| #define STDC_HEADERS 1
| #define HAVE_SYS_TYPES_H 1
| #define HAVE_SYS_STAT_H 1
| #define HAVE_STDLIB_H 1
| #define HAVE_STRING_H 1
| #define HAVE_MEMORY_H 1
| #define HAVE_STRINGS_H 1
| #define HAVE_INTTYPES_H 1
| #define HAVE_STDINT_H 1
| #define HAVE_UNISTD_H 1
| #define HAVE_DLFCN_H 1
| #define LT_OBJDIR ".libs/"
| /* end confdefs.h.  */
| #include <ac_nonexistent.h>
configure:12755: checking for ld used by g++
configure:12822: result: /Applications/Xcode.app/Contents/Developer/Toolchains/XcodeDefault.xctoolchain/usr/bin/ld
configure:12829: checking if the linker (/Applications/Xcode.app/Contents/Developer/Toolchains/XcodeDefault.xctoolchain/usr/bin/ld) is GNU ld
configure:12844: result: no
configure:12899: checking whether the g++ linker (/Applications/Xcode.app/Contents/Developer/Toolchains/XcodeDefault.xctoolchain/usr/bin/ld) supports shared libraries
configure:13972: result: yes
configure:14008: g++ -c -g -O2  conftest.cpp >&5
configure:14011: $? = 0
configure:14492: checking for g++ option to produce PIC
configure:14499: result: -fno-common -DPIC
configure:14507: checking if g++ PIC flag -fno-common -DPIC works
configure:14525: g++ -c -g -O2  -fno-common -DPIC -DPIC conftest.cpp >&5
configure:14529: $? = 0
configure:14542: result: yes
configure:14565: checking if g++ static flag -static works
configure:14593: result: no
configure:14605: checking if g++ supports -c -o file.o
configure:14626: g++ -c -g -O2  -o out/conftest2.o conftest.cpp >&5
configure:14630: $? = 0
configure:14652: result: yes
configure:14657: checking if g++ supports -c -o file.o
configure:14704: result: yes
configure:14734: checking whether the g++ linker (/Applications/Xcode.app/Contents/Developer/Toolchains/XcodeDefault.xctoolchain/usr/bin/ld) supports shared libraries
configure:14774: result: yes
configure:14915: checking dynamic linker characteristics
configure:15660: result: darwin14.5.0 dyld
configure:15725: checking how to hardcode library paths into programs
configure:15750: result: immediate
configure:15812: checking whether ln -s works
configure:15816: result: yes
configure:15823: checking whether make sets $(MAKE)
configure:15845: result: yes
configure:15855: checking for dlopen in -ldl
configure:15880: gcc -o conftest -g -O2   conftest.c -ldl   >&5
configure:15880: $? = 0
configure:15889: result: yes
configure:15907: checking for ANSI C header files
configure:16011: result: yes
configure:16022: checking stdio.h usability
configure:16022: gcc -c -g -O2 -D_LARGEFILE64_SOURCE -ansi -Wall  -Wno-implicit-function-declaration -g  conftest.c >&5
configure:16022: $? = 0
configure:16022: result: yes
configure:16022: checking stdio.h presence
configure:16022: gcc -E  conftest.c
configure:16022: $? = 0
configure:16022: result: yes
configure:16022: checking for stdio.h
configure:16022: result: yes
configure:16022: checking for stdlib.h
configure:16022: result: yes
configure:16022: checking for string.h
configure:16022: result: yes
configure:16040: checking path to use Axis2C . This is a compulsory to build Sandesha2C
configure:16051: result: /usr/local/axis2c/include/axis2-1.6.0
configure:16192: checking that generated files are newer than configure
configure:16198: result: done
configure:16225: creating ./config.status

## ---------------------- ##
## Running config.status. ##
## ---------------------- ##

This file was extended by sandesha2c-src config.status 0.91, which was
generated by GNU Autoconf 2.69.  Invocation command line was

  CONFIG_FILES    = 
  CONFIG_HEADERS  = 
  CONFIG_LINKS    = 
  CONFIG_COMMANDS = 
  $ ./config.status 

on Alexiss-MacBook.local

config.status:1171: creating Makefile
config.status:1171: creating src/Makefile
config.status:1171: creating src/util/Makefile
config.status:1171: creating src/wsrm/Makefile
config.status:1171: creating src/transport/Makefile
config.status:1171: creating src/handlers/Makefile
config.status:1171: creating src/msgprocessors/Makefile
config.status:1171: creating src/storage/Makefile
config.status:1171: creating src/storage/beans/Makefile
config.status:1171: creating src/storage/common/Makefile
config.status:1171: creating src/storage/sqlite/Makefile
config.status:1171: creating src/client/Makefile
config.status:1171: creating src/core/Makefile
config.status:1171: creating src/polling/Makefile
config.status:1171: creating config.h
config.status:1352: config.h is unchanged
config.status:1400: executing depfiles commands
config.status:1400: executing libtool commands

## ---------------- ##
## Cache variables. ##
## ---------------- ##

ac_cv_build=x86_64-apple-darwin14.5.0
ac_cv_c_compiler_gnu=yes
ac_cv_cxx_compiler_gnu=yes
ac_cv_env_CCC_set=
ac_cv_env_CCC_value=
ac_cv_env_CC_set=
ac_cv_env_CC_value=
ac_cv_env_CFLAGS_set=
ac_cv_env_CFLAGS_value=
ac_cv_env_CPPFLAGS_set=
ac_cv_env_CPPFLAGS_value=
ac_cv_env_CPP_set=
ac_cv_env_CPP_value=
ac_cv_env_CXXCPP_set=
ac_cv_env_CXXCPP_value=
ac_cv_env_CXXFLAGS_set=
ac_cv_env_CXXFLAGS_value=
ac_cv_env_CXX_set=
ac_cv_env_CXX_value=
ac_cv_env_LDFLAGS_set=set
ac_cv_env_LDFLAGS_value=
ac_cv_env_LIBS_set=set
ac_cv_env_LIBS_value=
ac_cv_env_LT_SYS_LIBRARY_PATH_set=
ac_cv_env_LT_SYS_LIBRARY_PATH_value=
ac_cv_env_build_alias_set=
ac_cv_env_build_alias_value=
ac_cv_env_host_alias_set=
ac_cv_env_host_alias_value=
ac_cv_env_target_alias_set=
ac_cv_env_target_alias_value=
ac_cv_header_dlfcn_h=yes
ac_cv_header_inttypes_h=yes
ac_cv_header_memory_h=yes
ac_cv_header_stdc=yes
ac_cv_header_stdint_h=yes
ac_cv_header_stdio_h=yes
ac_cv_header_stdlib_h=yes
ac_cv_header_string_h=yes
ac_cv_header_strings_h=yes
ac_cv_header_sys_stat_h=yes
ac_cv_header_sys_types_h=yes
ac_cv_header_unistd_h=yes
ac_cv_host=x86_64-apple-darwin14.5.0
ac_cv_lib_dl_dlopen=yes
ac_cv_objext=o
ac_cv_path_EGREP='/usr/bin/grep -E'
ac_cv_path_FGREP='/usr/bin/grep -F'
ac_cv_path_GREP=/usr/bin/grep
ac_cv_path_SED=/usr/bin/sed
ac_cv_path_install='/usr/bin/install -c'
ac_cv_path_lt_DD=/bin/dd
ac_cv_prog_AWK=awk
ac_cv_prog_CPP='gcc -E'
ac_cv_prog_CXXCPP='g++ -E'
ac_cv_prog_ac_ct_AR=ar
ac_cv_prog_ac_ct_CC=gcc
ac_cv_prog_ac_ct_CXX=g++
ac_cv_prog_ac_ct_DSYMUTIL=dsymutil
ac_cv_prog_ac_ct_LIPO=lipo
ac_cv_prog_ac_ct_NMEDIT=nmedit
ac_cv_prog_ac_ct_OTOOL=otool
ac_cv_prog_ac_ct_RANLIB=ranlib
ac_cv_prog_ac_ct_STRIP=strip
ac_cv_prog_cc_c89=
ac_cv_prog_cc_g=yes
ac_cv_prog_cxx_g=yes
ac_cv_prog_make_make_set=yes
ac_cv_target=x86_64-apple-darwin14.5.0
am_cv_CC_dependencies_compiler_type=gcc3
am_cv_CXX_dependencies_compiler_type=gcc3
am_cv_make_support_nested_variables=yes
am_cv_prog_cc_c_o=yes
lt_cv_apple_cc_single_mod=yes
lt_cv_ar_at_file=no
lt_cv_deplibs_check_method=pass_all
lt_cv_file_magic_cmd='$MAGIC_CMD'
lt_cv_file_magic_test_file=
lt_cv_ld_exported_symbols_list=yes
lt_cv_ld_force_load=yes
lt_cv_ld_reload_flag=-r
lt_cv_nm_interface='BSD nm'
lt_cv_objdir=.libs
lt_cv_path_LD=/Applications/Xcode.app/Contents/Developer/Toolchains/XcodeDefault.xctoolchain/usr/bin/ld
lt_cv_path_LDCXX=/Applications/Xcode.app/Contents/Developer/Toolchains/XcodeDefault.xctoolchain/usr/bin/ld
lt_cv_path_NM=/usr/bin/nm
lt_cv_path_mainfest_tool=no
lt_cv_prog_compiler_c_o=yes
lt_cv_prog_compiler_c_o_CXX=yes
lt_cv_prog_compiler_pic='-fno-common -DPIC'
lt_cv_prog_compiler_pic_CXX='-fno-common -DPIC'
lt_cv_prog_compiler_pic_works=yes
lt_cv_prog_compiler_pic_works_CXX=yes
lt_cv_prog_compiler_rtti_exceptions=yes
lt_cv_prog_compiler_static_works=no
lt_cv_prog_compiler_static_works_CXX=no
lt_cv_prog_gnu_ld=no
lt_cv_prog_gnu_ldcxx=no
lt_cv_sharedlib_from_linklib_cmd='printf %s\n'
lt_cv_sys_global_symbol_pipe='sed -n -e '\''s/^.*[	 ]\([BCDEGRST][BCDEGRST]*\)[	 ][	 ]*_\([_A-Za-z][_A-Za-z0-9]*\)$/\1 _\2 \2/p'\'' | sed '\''/ __gnu_lto/d'\'''
lt_cv_sys_global_symbol_to_c_name_address='sed -n -e '\''s/^: \(.*\) .*$/  {"\1", (void *) 0},/p'\'' -e '\''s/^[BCDEGRST][BCDEGRST]* .* \(.*\)$/  {"\1", (void *) \&\1},/p'\'''
lt_cv_sys_global_symbol_to_c_name_address_lib_prefix='sed -n -e '\''s/^: \(.*\) .*$/  {"\1", (void *) 0},/p'\'' -e '\''s/^[BCDEGRST][BCDEGRST]* .* \(lib.*\)$/  {"\1", (void *) \&\1},/p'\'' -e '\''s/^[BCDEGRST][BCDEGRST]* .* \(.*\)$/  {"lib\1", (void *) \&\1},/p'\'''
lt_cv_sys_global_symbol_to_cdecl='sed -n -e '\''s/^T .* \(.*\)$/extern int \1();/p'\'' -e '\''s/^[BCDEGRST][BCDEGRST]* .* \(.*\)$/extern char \1;/p'\'''
lt_cv_sys_global_symbol_to_import=
lt_cv_sys_max_cmd_len=196608
lt_cv_to_host_file_cmd=func_convert_file_noop
lt_cv_to_tool_file_cmd=func_convert_file_noop
lt_cv_truncate_bin='/bin/dd bs=4096 count=1'

## ----------------- ##
## Output variables. ##
## ----------------- ##

ACLOCAL='${SHELL} /Users/agruet/ktws/src/sandesha2c/missing aclocal-1.15'
AMDEPBACKSLASH='\'
AMDEP_FALSE='#'
AMDEP_TRUE=''
AMTAR='$${TAR-tar}'
AM_BACKSLASH='\'
AM_DEFAULT_V='$(AM_DEFAULT_VERBOSITY)'
AM_DEFAULT_VERBOSITY='1'
AM_V='$(V)'
AR='ar'
AUTOCONF='${SHELL} /Users/agruet/ktws/src/sandesha2c/missing autoconf'
AUTOHEADER='${SHELL} /Users/agruet/ktws/src/sandesha2c/missing autoheader'
AUTOMAKE='${SHELL} /Users/agruet/ktws/src/sandesha2c/missing automake-1.15'
AWK='awk'
AXIOMINC='-I/Users/agruet/ktws/src/sandesha2c/../axis2c-unofficial/axiom/include'
AXIS2INC='-I/usr/local/axis2c/include/axis2-1.6.0'
CC='gcc'
CCDEPMODE='depmode=gcc3'
CFLAGS='-g -O2 -D_LARGEFILE64_SOURCE -ansi -Wall  -Wno-implicit-function-declaration -g'
CPP='gcc -E'
CPPFLAGS=''
CXX='g++'
CXXCPP='g++ -E'
CXXDEPMODE='depmode=gcc3'
CXXFLAGS='-g -O2'
CYGPATH_W='echo'
DEFS='-DHAVE_CONFIG_H'
DEPDIR='.deps'
DLLTOOL='false'
DSYMUTIL='dsymutil'
DUMPBIN=''
ECHO_C='\c'
ECHO_N=''
ECHO_T=''
EGREP='/usr/bin/grep -E'
EXEEXT=''
FGREP='/usr/bin/grep -F'
GREP='/usr/bin/grep'
INSTALL_DATA='${INSTALL} -m 644'
INSTALL_PROGRAM='${INSTALL}'
INSTALL_SCRIPT='${INSTALL}'
INSTALL_STRIP_PROGRAM='$(install_sh) -c -s'
LD='/Applications/Xcode.app/Contents/Developer/Toolchains/XcodeDefault.xctoolchain/usr/bin/ld'
LDFLAGS='-lpthread'
LIBOBJS=''
LIBS='-ldl '
LIBTOOL='$(SHELL) $(top_builddir)/libtool'
LIPO='lipo'
LN_S='ln -s'
LTLIBOBJS=''
LT_SYS_LIBRARY_PATH=''
MAKEINFO='${SHELL} /Users/agruet/ktws/src/sandesha2c/missing makeinfo'
MANIFEST_TOOL=':'
MKDIR_P='./install-sh -c -d'
NEETHIINC='-I/Users/agruet/ktws/src/sandesha2c/../axis2c-unofficial/neethi/include'
NM='/usr/bin/nm'
NMEDIT='nmedit'
OBJDUMP='false'
OBJEXT='o'
OTOOL64=':'
OTOOL='otool'
PACKAGE='sandesha2c-src'
PACKAGE_BUGREPORT=''
PACKAGE_NAME='sandesha2c-src'
PACKAGE_STRING='sandesha2c-src 0.91'
PACKAGE_TARNAME='sandesha2c-src'
PACKAGE_URL=''
PACKAGE_VERSION='0.91'
PATH_SEPARATOR=':'
RANLIB='ranlib'
SED='/usr/bin/sed'
SET_MAKE=''
SHELL='/bin/sh'
STRIP='strip'
UTILINC='-I/Users/agruet/ktws/src/sandesha2c/../axis2c-unofficial/util/include'
VERSION='0.91'
WRAPPER_DIR=''
abs_top_builddir='/Users/agruet/ktws/src/sandesha2c'
ac_ct_AR='ar'
ac_ct_CC='gcc'
ac_ct_CXX='g++'
ac_ct_DUMPBIN=''
am__EXEEXT_FALSE=''
am__EXEEXT_TRUE='#'
am__fastdepCC_FALSE='#'
am__fastdepCC_TRUE=''
am__fastdepCXX_FALSE='#'
am__fastdepCXX_TRUE=''
am__include='include'
am__isrc=''
am__leading_dot='.'
am__nodep='_no'
am__quote=''
am__tar='$${TAR-tar} chof - "$$tardir"'
am__untar='$${TAR-tar} xf -'
bindir='${exec_prefix}/bin'
build='x86_64-apple-darwin14.5.0'
build_alias=''
build_cpu='x86_64'
build_os='darwin14.5.0'
build_vendor='apple'
datadir='${datarootdir}'
datarootdir='${prefix}/share'
docdir='${datarootdir}/doc/${PACKAGE_TARNAME}'
dvidir='${docdir}'
exec_prefix='${prefix}'
host='x86_64-apple-darwin14.5.0'
host_alias=''
host_cpu='x86_64'
host_os='darwin14.5.0'
host_vendor='apple'
htmldir='${docdir}'
includedir='${prefix}/include'
infodir='${datarootdir}/info'
install_sh='${SHELL} /Users/agruet/ktws/src/sandesha2c/install-sh'
libdir='${exec_prefix}/lib'
libexecdir='${exec_prefix}/libexec'
localedir='${datarootdir}/locale'
localstatedir='${prefix}/var'
mandir='${datarootdir}/man'
mkdir_p='$(MKDIR_P)'
oldincludedir='/usr/include'
pdfdir='${docdir}'
prefix='/usr/local/axis2c'
program_transform_name='s,x,x,'
psdir='${docdir}'
sbindir='${exec_prefix}/sbin'
sharedstatedir='${prefix}/com'
sysconfdir='${prefix}/etc'
target='x86_64-apple-darwin14.5.0'
target_alias=''
target_cpu='x86_64'
target_os='darwin14.5.0'
target_vendor='apple'

## ----------- ##
## confdefs.h. ##
## ----------- ##

/* confdefs.h */
#define PACKAGE_NAME "sandesha2c-src"
#define PACKAGE_TARNAME "sandesha2c-src"
#define PACKAGE_VERSION "0.91"
#define PACKAGE_STRING "sandesha2c-src 0.91"
#define PACKAGE_BUGREPORT ""
#define PACKAGE_URL ""
#define PACKAGE "sandesha2c-src"
#define VERSION "0.91"
#define STDC_HEADERS 1
#define HAVE_SYS_TYPES_H 1
#define HAVE_SYS_STAT_H 1
#define HAVE_STDLIB_H 1
#define HAVE_STRING_H 1
#define HAVE_MEMORY_H 1
#define HAVE_STRINGS_H 1
#define HAVE_INTTYPES_H 1
#define HAVE_STDINT_H 1
#define HAVE_UNISTD_H 1
#define HAVE_DLFCN_H 1
#define LT_OBJDIR ".libs/"
#define HAVE_LIBDL 1
#define STDC_HEADERS 1
#define HAVE_STDIO_H 1
#define HAVE_STDLIB_H 1
#define HAVE_STRING_H 1

configure: exit 0
