This file contains any messages produced by compilers while
running configure, to aid debugging if configure makes a mistake.

It was created by sandesha2-sample-src configure 0.94, which was
generated by GNU Autoconf 2.69.  Invocation command line was

  $ ./configure --with-axis2=/usr/local/axis2c/include/axis2-1.6.0/ --prefix=/usr/local/axis2c/

## --------- ##
## Platform. ##
## --------- ##

hostname = Alexiss-MacBook.local
uname -m = x86_64
uname -r = 14.5.0
uname -s = Darwin
uname -v = Darwin Kernel Version 14.5.0: Wed Jul 29 02:26:53 PDT 2015; root:xnu-2782.40.9~1/RELEASE_X86_64

/usr/bin/uname -p = i386
/bin/uname -X     = unknown

/bin/arch              = unknown
/usr/bin/arch -k       = unknown
/usr/convex/getsysinfo = unknown
/usr/bin/hostinfo      = Mach kernel version:
	 Darwin Kernel Version 14.5.0: Wed Jul 29 02:26:53 PDT 2015; root:xnu-2782.40.9~1/RELEASE_X86_64
Kernel configured for up to 4 processors.
2 processors are physically available.
4 processors are logically available.
Processor type: x86_64h (Intel x86-64h Haswell)
Processors active: 0 1 2 3
Primary memory available: 8.00 gigabytes
Default processor set: 237 tasks, 1292 threads, 4 processors
Load average: 1.73, Mach factor: 2.25
/bin/machine           = unknown
/usr/bin/oslevel       = unknown
/bin/universe          = unknown

PATH: /usr/local/bin
PATH: /usr/bin
PATH: /bin
PATH: /usr/sbin
PATH: /sbin


## ----------- ##
## Core tests. ##
## ----------- ##

configure:2385: checking build system type
configure:2399: result: x86_64-apple-darwin14.5.0
configure:2419: checking host system type
configure:2432: result: x86_64-apple-darwin14.5.0
configure:2452: checking target system type
configure:2465: result: x86_64-apple-darwin14.5.0
configure:2510: checking for a BSD-compatible install
configure:2578: result: /usr/bin/install -c
configure:2589: checking whether build environment is sane
configure:2644: result: yes
configure:2795: checking for a thread-safe mkdir -p
configure:2834: result: ./../install-sh -c -d
configure:2841: checking for gawk
configure:2871: result: no
configure:2841: checking for mawk
configure:2871: result: no
configure:2841: checking for nawk
configure:2871: result: no
configure:2841: checking for awk
configure:2857: found /usr/bin/awk
configure:2868: result: awk
configure:2879: checking whether make sets $(MAKE)
configure:2901: result: yes
configure:2930: checking whether make supports nested variables
configure:2947: result: yes
configure:3124: checking for gcc
configure:3140: found /usr/bin/gcc
configure:3151: result: gcc
configure:3380: checking for C compiler version
configure:3389: gcc --version >&5
Apple LLVM version 7.0.2 (clang-700.1.81)
Target: x86_64-apple-darwin14.5.0
Thread model: posix
Configured with: --prefix=/Applications/Xcode.app/Contents/Developer/usr --with-gxx-include-dir=/usr/include/c++/4.2.1
configure:3400: $? = 0
configure:3389: gcc -v >&5
Configured with: --prefix=/Applications/Xcode.app/Contents/Developer/usr --with-gxx-include-dir=/usr/include/c++/4.2.1
Apple LLVM version 7.0.2 (clang-700.1.81)
Target: x86_64-apple-darwin14.5.0
Thread model: posix
configure:3400: $? = 0
configure:3389: gcc -V >&5
clang: error: argument to '-V' is missing (expected 1 value)
clang: error: no input files
configure:3400: $? = 1
configure:3389: gcc -qversion >&5
clang: error: unknown argument: '-qversion'
clang: error: no input files
configure:3400: $? = 1
configure:3420: checking whether the C compiler works
configure:3442: gcc    conftest.c  >&5
configure:3446: $? = 0
configure:3494: result: yes
configure:3497: checking for C compiler default output file name
configure:3499: result: a.out
configure:3505: checking for suffix of executables
configure:3512: gcc -o conftest    conftest.c  >&5
configure:3516: $? = 0
configure:3538: result: 
configure:3560: checking whether we are cross compiling
configure:3568: gcc -o conftest    conftest.c  >&5
configure:3572: $? = 0
configure:3579: ./conftest
configure:3583: $? = 0
configure:3598: result: no
configure:3603: checking for suffix of object files
configure:3625: gcc -c   conftest.c >&5
configure:3629: $? = 0
configure:3650: result: o
configure:3654: checking whether we are using the GNU C compiler
configure:3673: gcc -c   conftest.c >&5
configure:3673: $? = 0
configure:3682: result: yes
configure:3691: checking whether gcc accepts -g
configure:3711: gcc -c -g  conftest.c >&5
configure:3711: $? = 0
configure:3752: result: yes
configure:3769: checking for gcc option to accept ISO C89
configure:3832: gcc  -c -g -O2  conftest.c >&5
configure:3832: $? = 0
configure:3845: result: none needed
configure:3870: checking whether gcc understands -c and -o together
configure:3892: gcc -c conftest.c -o conftest2.o
configure:3895: $? = 0
configure:3892: gcc -c conftest.c -o conftest2.o
configure:3895: $? = 0
configure:3907: result: yes
configure:3935: checking for style of include used by make
configure:3963: result: GNU
configure:3989: checking dependency style of gcc
configure:4100: result: gcc3
configure:4173: checking for g++
configure:4189: found /usr/bin/g++
configure:4200: result: g++
configure:4227: checking for C++ compiler version
configure:4236: g++ --version >&5
Apple LLVM version 7.0.2 (clang-700.1.81)
Target: x86_64-apple-darwin14.5.0
Thread model: posix
Configured with: --prefix=/Applications/Xcode.app/Contents/Developer/usr --with-gxx-include-dir=/usr/include/c++/4.2.1
configure:4247: $? = 0
configure:4236: g++ -v >&5
Configured with: --prefix=/Applications/Xcode.app/Contents/Developer/usr --with-gxx-include-dir=/usr/include/c++/4.2.1
Apple LLVM version 7.0.2 (clang-700.1.81)
Target: x86_64-apple-darwin14.5.0
Thread model: posix
configure:4247: $? = 0
configure:4236: g++ -V >&5
clang: error: argument to '-V' is missing (expected 1 value)
clang: error: no input files
configure:4247: $? = 1
configure:4236: g++ -qversion >&5
clang: error: unknown argument: '-qversion'
clang: error: no input files
configure:4247: $? = 1
configure:4251: checking whether we are using the GNU C++ compiler
configure:4270: g++ -c   conftest.cpp >&5
configure:4270: $? = 0
configure:4279: result: yes
configure:4288: checking whether g++ accepts -g
configure:4308: g++ -c -g  conftest.cpp >&5
configure:4308: $? = 0
configure:4349: result: yes
configure:4374: checking dependency style of g++
configure:4485: result: gcc3
configure:4505: checking how to run the C preprocessor
configure:4536: gcc -E  conftest.c
configure:4536: $? = 0
configure:4550: gcc -E  conftest.c
conftest.c:11:10: fatal error: 'ac_nonexistent.h' file not found
#include <ac_nonexistent.h>
         ^
1 error generated.
configure:4550: $? = 1
configure: failed program was:
| /* confdefs.h */
| #define PACKAGE_NAME "sandesha2-sample-src"
| #define PACKAGE_TARNAME "sandesha2-sample-src"
| #define PACKAGE_VERSION "0.94"
| #define PACKAGE_STRING "sandesha2-sample-src 0.94"
| #define PACKAGE_BUGREPORT ""
| #define PACKAGE_URL ""
| #define PACKAGE "sandesha2-sample-src"
| #define VERSION "0.94"
| /* end confdefs.h.  */
| #include <ac_nonexistent.h>
configure:4575: result: gcc -E
configure:4595: gcc -E  conftest.c
configure:4595: $? = 0
configure:4609: gcc -E  conftest.c
conftest.c:11:10: fatal error: 'ac_nonexistent.h' file not found
#include <ac_nonexistent.h>
         ^
1 error generated.
configure:4609: $? = 1
configure: failed program was:
| /* confdefs.h */
| #define PACKAGE_NAME "sandesha2-sample-src"
| #define PACKAGE_TARNAME "sandesha2-sample-src"
| #define PACKAGE_VERSION "0.94"
| #define PACKAGE_STRING "sandesha2-sample-src 0.94"
| #define PACKAGE_BUGREPORT ""
| #define PACKAGE_URL ""
| #define PACKAGE "sandesha2-sample-src"
| #define VERSION "0.94"
| /* end confdefs.h.  */
| #include <ac_nonexistent.h>
configure:4683: checking how to print strings
configure:4710: result: printf
configure:4731: checking for a sed that does not truncate output
configure:4795: result: /usr/bin/sed
configure:4813: checking for grep that handles long lines and -e
configure:4871: result: /usr/bin/grep
configure:4876: checking for egrep
configure:4938: result: /usr/bin/grep -E
configure:4943: checking for fgrep
configure:5005: result: /usr/bin/grep -F
configure:5040: checking for ld used by gcc
configure:5107: result: /Applications/Xcode.app/Contents/Developer/Toolchains/XcodeDefault.xctoolchain/usr/bin/ld
configure:5114: checking if the linker (/Applications/Xcode.app/Contents/Developer/Toolchains/XcodeDefault.xctoolchain/usr/bin/ld) is GNU ld
configure:5129: result: no
configure:5141: checking for BSD- or MS-compatible name lister (nm)
configure:5195: result: /usr/bin/nm
configure:5325: checking the name lister (/usr/bin/nm) interface
configure:5332: gcc -c -g -O2  conftest.c >&5
configure:5335: /usr/bin/nm "conftest.o"
configure:5338: output
00000000000001f8 S _some_variable
configure:5345: result: BSD nm
configure:5348: checking whether ln -s works
configure:5352: result: yes
configure:5360: checking the maximum length of command line arguments
configure:5491: result: 196608
configure:5539: checking how to convert x86_64-apple-darwin14.5.0 file names to x86_64-apple-darwin14.5.0 format
configure:5579: result: func_convert_file_noop
configure:5586: checking how to convert x86_64-apple-darwin14.5.0 file names to toolchain format
configure:5606: result: func_convert_file_noop
configure:5613: checking for /Applications/Xcode.app/Contents/Developer/Toolchains/XcodeDefault.xctoolchain/usr/bin/ld option to reload object files
configure:5620: result: -r
configure:5694: checking for objdump
configure:5724: result: no
configure:5753: checking how to recognize dependent libraries
configure:5953: result: pass_all
configure:6038: checking for dlltool
configure:6068: result: no
configure:6098: checking how to associate runtime and link libraries
configure:6125: result: printf %s\n
configure:6186: checking for ar
configure:6202: found /usr/bin/ar
configure:6213: result: ar
configure:6250: checking for archiver @FILE support
configure:6267: gcc -c -g -O2  conftest.c >&5
configure:6267: $? = 0
configure:6270: ar cru libconftest.a @conftest.lst >&5
ar: @conftest.lst: No such file or directory
configure:6273: $? = 1
configure:6293: result: no
configure:6351: checking for strip
configure:6367: found /usr/bin/strip
configure:6378: result: strip
configure:6450: checking for ranlib
configure:6466: found /usr/bin/ranlib
configure:6477: result: ranlib
configure:6579: checking command to parse /usr/bin/nm output from gcc object
configure:6732: gcc -c -g -O2  conftest.c >&5
configure:6735: $? = 0
configure:6739: /usr/bin/nm conftest.o \| sed -n -e 's/^.*[ ]\([BCDEGRST][BCDEGRST]*\)[ ][ ]*\([_A-Za-z][_A-Za-z0-9]*\)$/\1 \2 \2/p' | sed '/ __gnu_lto/d' \> conftest.nm
configure:6742: $? = 0
cannot find nm_test_var in conftest.nm
configure:6732: gcc -c -g -O2  conftest.c >&5
configure:6735: $? = 0
configure:6739: /usr/bin/nm conftest.o \| sed -n -e 's/^.*[ ]\([BCDEGRST][BCDEGRST]*\)[ ][ ]*_\([_A-Za-z][_A-Za-z0-9]*\)$/\1 _\2 \2/p' | sed '/ __gnu_lto/d' \> conftest.nm
configure:6742: $? = 0
configure:6808: gcc -o conftest -g -O2   conftest.c conftstm.o >&5
warning: (x86_64)  could not find object file symbol for symbol _main
configure:6811: $? = 0
configure:6849: result: ok
configure:6896: checking for sysroot
configure:6926: result: no
configure:6933: checking for a working dd
configure:6971: result: /bin/dd
configure:6975: checking how to truncate binary pipes
configure:6990: result: /bin/dd bs=4096 count=1
configure:7319: checking for mt
configure:7349: result: no
configure:7369: checking if : is a manifest tool
configure:7375: : '-?'
configure:7383: result: no
configure:7439: checking for dsymutil
configure:7455: found /usr/bin/dsymutil
configure:7466: result: dsymutil
configure:7531: checking for nmedit
configure:7547: found /usr/bin/nmedit
configure:7558: result: nmedit
configure:7623: checking for lipo
configure:7639: found /usr/bin/lipo
configure:7650: result: lipo
configure:7715: checking for otool
configure:7731: found /usr/bin/otool
configure:7742: result: otool
configure:7807: checking for otool64
configure:7837: result: no
configure:7882: checking for -single_module linker flag
gcc -g -O2  -o libconftest.dylib -dynamiclib -Wl,-single_module conftest.c
configure:7915: result: yes
configure:7918: checking for -exported_symbols_list linker flag
configure:7938: gcc -o conftest -g -O2   -Wl,-exported_symbols_list,conftest.sym conftest.c  >&5
configure:7938: $? = 0
configure:7948: result: yes
configure:7951: checking for -force_load linker flag
gcc -g -O2 -c -o conftest.o conftest.c
ar cru libconftest.a conftest.o
ranlib libconftest.a
gcc -g -O2  -o conftest conftest.c -Wl,-force_load,./libconftest.a
configure:7983: result: yes
configure:8056: checking for ANSI C header files
configure:8076: gcc -c -g -O2  conftest.c >&5
configure:8076: $? = 0
configure:8149: gcc -o conftest -g -O2   conftest.c  >&5
configure:8149: $? = 0
configure:8149: ./conftest
configure:8149: $? = 0
configure:8160: result: yes
configure:8173: checking for sys/types.h
configure:8173: gcc -c -g -O2  conftest.c >&5
configure:8173: $? = 0
configure:8173: result: yes
configure:8173: checking for sys/stat.h
configure:8173: gcc -c -g -O2  conftest.c >&5
configure:8173: $? = 0
configure:8173: result: yes
configure:8173: checking for stdlib.h
configure:8173: gcc -c -g -O2  conftest.c >&5
configure:8173: $? = 0
configure:8173: result: yes
configure:8173: checking for string.h
configure:8173: gcc -c -g -O2  conftest.c >&5
configure:8173: $? = 0
configure:8173: result: yes
configure:8173: checking for memory.h
configure:8173: gcc -c -g -O2  conftest.c >&5
configure:8173: $? = 0
configure:8173: result: yes
configure:8173: checking for strings.h
configure:8173: gcc -c -g -O2  conftest.c >&5
configure:8173: $? = 0
configure:8173: result: yes
configure:8173: checking for inttypes.h
configure:8173: gcc -c -g -O2  conftest.c >&5
configure:8173: $? = 0
configure:8173: result: yes
configure:8173: checking for stdint.h
configure:8173: gcc -c -g -O2  conftest.c >&5
configure:8173: $? = 0
configure:8173: result: yes
configure:8173: checking for unistd.h
configure:8173: gcc -c -g -O2  conftest.c >&5
configure:8173: $? = 0
configure:8173: result: yes
configure:8187: checking for dlfcn.h
configure:8187: gcc -c -g -O2  conftest.c >&5
configure:8187: $? = 0
configure:8187: result: yes
configure:8454: checking for objdir
configure:8469: result: .libs
configure:8729: checking if gcc supports -fno-rtti -fno-exceptions
configure:8747: gcc -c -g -O2  -fno-rtti -fno-exceptions conftest.c >&5
configure:8751: $? = 0
configure:8764: result: yes
configure:9122: checking for gcc option to produce PIC
configure:9129: result: -fno-common -DPIC
configure:9137: checking if gcc PIC flag -fno-common -DPIC works
configure:9155: gcc -c -g -O2  -fno-common -DPIC -DPIC conftest.c >&5
configure:9159: $? = 0
configure:9172: result: yes
configure:9201: checking if gcc static flag -static works
configure:9229: result: no
configure:9244: checking if gcc supports -c -o file.o
configure:9265: gcc -c -g -O2  -o out/conftest2.o conftest.c >&5
configure:9269: $? = 0
configure:9291: result: yes
configure:9299: checking if gcc supports -c -o file.o
configure:9346: result: yes
configure:9379: checking whether the gcc linker (/Applications/Xcode.app/Contents/Developer/Toolchains/XcodeDefault.xctoolchain/usr/bin/ld) supports shared libraries
configure:10638: result: yes
configure:10878: checking dynamic linker characteristics
configure:11696: result: darwin14.5.0 dyld
configure:11818: checking how to hardcode library paths into programs
configure:11843: result: immediate
configure:12391: checking whether stripping libraries is possible
configure:12405: result: yes
configure:12431: checking if libtool supports shared libraries
configure:12433: result: yes
configure:12436: checking whether to build shared libraries
configure:12461: result: yes
configure:12464: checking whether to build static libraries
configure:12468: result: yes
configure:12491: checking how to run the C++ preprocessor
configure:12518: g++ -E  conftest.cpp
configure:12518: $? = 0
configure:12532: g++ -E  conftest.cpp
conftest.cpp:23:10: fatal error: 'ac_nonexistent.h' file not found
#include <ac_nonexistent.h>
         ^
1 error generated.
configure:12532: $? = 1
configure: failed program was:
| /* confdefs.h */
| #define PACKAGE_NAME "sandesha2-sample-src"
| #define PACKAGE_TARNAME "sandesha2-sample-src"
| #define PACKAGE_VERSION "0.94"
| #define PACKAGE_STRING "sandesha2-sample-src 0.94"
| #define PACKAGE_BUGREPORT ""
| #define PACKAGE_URL ""
| #define PACKAGE "sandesha2-sample-src"
| #define VERSION "0.94"
| #define STDC_HEADERS 1
| #define HAVE_SYS_TYPES_H 1
| #define HAVE_SYS_STAT_H 1
| #define HAVE_STDLIB_H 1
| #define HAVE_STRING_H 1
| #define HAVE_MEMORY_H 1
| #define HAVE_STRINGS_H 1
| #define HAVE_INTTYPES_H 1
| #define HAVE_STDINT_H 1
| #define HAVE_UNISTD_H 1
| #define HAVE_DLFCN_H 1
| #define LT_OBJDIR ".libs/"
| /* end confdefs.h.  */
| #include <ac_nonexistent.h>
configure:12557: result: g++ -E
configure:12577: g++ -E  conftest.cpp
configure:12577: $? = 0
configure:12591: g++ -E  conftest.cpp
conftest.cpp:23:10: fatal error: 'ac_nonexistent.h' file not found
#include <ac_nonexistent.h>
         ^
1 error generated.
configure:12591: $? = 1
configure: failed program was:
| /* confdefs.h */
| #define PACKAGE_NAME "sandesha2-sample-src"
| #define PACKAGE_TARNAME "sandesha2-sample-src"
| #define PACKAGE_VERSION "0.94"
| #define PACKAGE_STRING "sandesha2-sample-src 0.94"
| #define PACKAGE_BUGREPORT ""
| #define PACKAGE_URL ""
| #define PACKAGE "sandesha2-sample-src"
| #define VERSION "0.94"
| #define STDC_HEADERS 1
| #define HAVE_SYS_TYPES_H 1
| #define HAVE_SYS_STAT_H 1
| #define HAVE_STDLIB_H 1
| #define HAVE_STRING_H 1
| #define HAVE_MEMORY_H 1
| #define HAVE_STRINGS_H 1
| #define HAVE_INTTYPES_H 1
| #define HAVE_STDINT_H 1
| #define HAVE_UNISTD_H 1
| #define HAVE_DLFCN_H 1
| #define LT_OBJDIR ".libs/"
| /* end confdefs.h.  */
| #include <ac_nonexistent.h>
configure:12753: checking for ld used by g++
configure:12820: result: /Applications/Xcode.app/Contents/Developer/Toolchains/XcodeDefault.xctoolchain/usr/bin/ld
configure:12827: checking if the linker (/Applications/Xcode.app/Contents/Developer/Toolchains/XcodeDefault.xctoolchain/usr/bin/ld) is GNU ld
configure:12842: result: no
configure:12897: checking whether the g++ linker (/Applications/Xcode.app/Contents/Developer/Toolchains/XcodeDefault.xctoolchain/usr/bin/ld) supports shared libraries
configure:13970: result: yes
configure:14006: g++ -c -g -O2  conftest.cpp >&5
configure:14009: $? = 0
configure:14490: checking for g++ option to produce PIC
configure:14497: result: -fno-common -DPIC
configure:14505: checking if g++ PIC flag -fno-common -DPIC works
configure:14523: g++ -c -g -O2  -fno-common -DPIC -DPIC conftest.cpp >&5
configure:14527: $? = 0
configure:14540: result: yes
configure:14563: checking if g++ static flag -static works
configure:14591: result: no
configure:14603: checking if g++ supports -c -o file.o
configure:14624: g++ -c -g -O2  -o out/conftest2.o conftest.cpp >&5
configure:14628: $? = 0
configure:14650: result: yes
configure:14655: checking if g++ supports -c -o file.o
configure:14702: result: yes
configure:14732: checking whether the g++ linker (/Applications/Xcode.app/Contents/Developer/Toolchains/XcodeDefault.xctoolchain/usr/bin/ld) supports shared libraries
configure:14772: result: yes
configure:14913: checking dynamic linker characteristics
configure:15658: result: darwin14.5.0 dyld
configure:15723: checking how to hardcode library paths into programs
configure:15748: result: immediate
configure:15810: checking whether ln -s works
configure:15814: result: yes
configure:15821: checking whether make sets $(MAKE)
configure:15843: result: yes
configure:15853: checking for dlopen in -ldl
configure:15878: gcc -o conftest -g -O2   conftest.c -ldl   >&5
configure:15878: $? = 0
configure:15887: result: yes
configure:15902: checking for ANSI C header files
configure:16006: result: yes
configure:16017: checking stdio.h usability
configure:16017: gcc -c -g -O2 -ansi -Wall -D_LARGEFILE64_SOURCE -g -Werror  conftest.c >&5
configure:16017: $? = 0
configure:16017: result: yes
configure:16017: checking stdio.h presence
configure:16017: gcc -E  conftest.c
configure:16017: $? = 0
configure:16017: result: yes
configure:16017: checking for stdio.h
configure:16017: result: yes
configure:16017: checking for stdlib.h
configure:16017: result: yes
configure:16017: checking for string.h
configure:16017: result: yes
configure:16028: checking for an ANSI C-conforming const
configure:16094: gcc -c -g -O2 -ansi -Wall -D_LARGEFILE64_SOURCE -g -Werror  conftest.c >&5
configure:16094: $? = 0
configure:16101: result: yes
configure:16112: checking for stdlib.h
configure:16112: result: yes
configure:16122: checking for GNU libc compatible malloc
configure:16146: gcc -o conftest -g -O2 -ansi -Wall -D_LARGEFILE64_SOURCE -g -Werror  -L/lib -lpthread conftest.c -ldl  >&5
ld: warning: directory not found for option '-L/lib'
configure:16146: $? = 0
configure:16146: ./conftest
configure:16146: $? = 0
configure:16156: result: yes
configure:16179: checking for stdlib.h
configure:16179: result: yes
configure:16189: checking for GNU libc compatible realloc
configure:16213: gcc -o conftest -g -O2 -ansi -Wall -D_LARGEFILE64_SOURCE -g -Werror  -L/lib -lpthread conftest.c -ldl  >&5
ld: warning: directory not found for option '-L/lib'
configure:16213: $? = 0
configure:16213: ./conftest
configure:16213: $? = 0
configure:16223: result: yes
configure:16245: checking To Use Axis2 C Axis2. This is a compulsory module to build Sandesha2 C
configure:16256: result: yes
configure:16394: checking that generated files are newer than configure
configure:16400: result: done
configure:16427: creating ./config.status

## ---------------------- ##
## Running config.status. ##
## ---------------------- ##

This file was extended by sandesha2-sample-src config.status 0.94, which was
generated by GNU Autoconf 2.69.  Invocation command line was

  CONFIG_FILES    = 
  CONFIG_HEADERS  = 
  CONFIG_LINKS    = 
  CONFIG_COMMANDS = 
  $ ./config.status 

on Alexiss-MacBook.local

config.status:1178: creating Makefile
config.status:1178: creating RM10SampleService/Makefile
config.status:1178: creating RM11SampleService/Makefile
config.status:1178: creating rm_echo_1_0/Makefile
config.status:1178: creating rm_echo_1_1/Makefile
config.status:1178: creating rm_echo_single_1_0/Makefile
config.status:1178: creating rm_echo_single_1_1/Makefile
config.status:1178: creating rm_ping_1_0/Makefile
config.status:1178: creating rm_ping_1_1/Makefile
config.status:1178: creating rm_mtom_1_0/Makefile
config.status:1178: creating resources/Makefile
config.status:1178: creating policy/Makefile
config.status:1178: creating rm_amqp/Makefile
config.status:1178: creating rm_amqp/rm_echo_dual_1_0/Makefile
config.status:1178: creating rm_amqp/rm_echo_dual_1_1/Makefile
config.status:1178: creating rm_amqp/rm_echo_single_1_0/Makefile
config.status:1178: creating rm_amqp/rm_echo_single_1_1/Makefile
config.status:1178: creating rm_amqp/rm_mtom_1_0/Makefile
config.status:1178: creating rm_amqp/rm_ping_1_0/Makefile
config.status:1178: creating rm_amqp/rm_ping_1_1/Makefile
config.status:1178: creating config.h
config.status:1359: config.h is unchanged
config.status:1407: executing depfiles commands
config.status:1407: executing libtool commands

## ---------------- ##
## Cache variables. ##
## ---------------- ##

ac_cv_build=x86_64-apple-darwin14.5.0
ac_cv_c_compiler_gnu=yes
ac_cv_c_const=yes
ac_cv_cxx_compiler_gnu=yes
ac_cv_env_CCC_set=
ac_cv_env_CCC_value=
ac_cv_env_CC_set=
ac_cv_env_CC_value=
ac_cv_env_CFLAGS_set=
ac_cv_env_CFLAGS_value=
ac_cv_env_CPPFLAGS_set=
ac_cv_env_CPPFLAGS_value=
ac_cv_env_CPP_set=
ac_cv_env_CPP_value=
ac_cv_env_CXXCPP_set=
ac_cv_env_CXXCPP_value=
ac_cv_env_CXXFLAGS_set=
ac_cv_env_CXXFLAGS_value=
ac_cv_env_CXX_set=
ac_cv_env_CXX_value=
ac_cv_env_LDFLAGS_set=set
ac_cv_env_LDFLAGS_value=
ac_cv_env_LIBS_set=set
ac_cv_env_LIBS_value=
ac_cv_env_LT_SYS_LIBRARY_PATH_set=
ac_cv_env_LT_SYS_LIBRARY_PATH_value=
ac_cv_env_build_alias_set=
ac_cv_env_build_alias_value=
ac_cv_env_host_alias_set=
ac_cv_env_host_alias_value=
ac_cv_env_target_alias_set=
ac_cv_env_target_alias_value=
ac_cv_func_malloc_0_nonnull=yes
ac_cv_func_realloc_0_nonnull=yes
ac_cv_header_dlfcn_h=yes
ac_cv_header_inttypes_h=yes
ac_cv_header_memory_h=yes
ac_cv_header_stdc=yes
ac_cv_header_stdint_h=yes
ac_cv_header_stdio_h=yes
ac_cv_header_stdlib_h=yes
ac_cv_header_string_h=yes
ac_cv_header_strings_h=yes
ac_cv_header_sys_stat_h=yes
ac_cv_header_sys_types_h=yes
ac_cv_header_unistd_h=yes
ac_cv_host=x86_64-apple-darwin14.5.0
ac_cv_lib_dl_dlopen=yes
ac_cv_objext=o
ac_cv_path_EGREP='/usr/bin/grep -E'
ac_cv_path_FGREP='/usr/bin/grep -F'
ac_cv_path_GREP=/usr/bin/grep
ac_cv_path_SED=/usr/bin/sed
ac_cv_path_install='/usr/bin/install -c'
ac_cv_path_lt_DD=/bin/dd
ac_cv_prog_AWK=awk
ac_cv_prog_CPP='gcc -E'
ac_cv_prog_CXXCPP='g++ -E'
ac_cv_prog_ac_ct_AR=ar
ac_cv_prog_ac_ct_CC=gcc
ac_cv_prog_ac_ct_CXX=g++
ac_cv_prog_ac_ct_DSYMUTIL=dsymutil
ac_cv_prog_ac_ct_LIPO=lipo
ac_cv_prog_ac_ct_NMEDIT=nmedit
ac_cv_prog_ac_ct_OTOOL=otool
ac_cv_prog_ac_ct_RANLIB=ranlib
ac_cv_prog_ac_ct_STRIP=strip
ac_cv_prog_cc_c89=
ac_cv_prog_cc_g=yes
ac_cv_prog_cxx_g=yes
ac_cv_prog_make_make_set=yes
ac_cv_target=x86_64-apple-darwin14.5.0
am_cv_CC_dependencies_compiler_type=gcc3
am_cv_CXX_dependencies_compiler_type=gcc3
am_cv_make_support_nested_variables=yes
am_cv_prog_cc_c_o=yes
lt_cv_apple_cc_single_mod=yes
lt_cv_ar_at_file=no
lt_cv_deplibs_check_method=pass_all
lt_cv_file_magic_cmd='$MAGIC_CMD'
lt_cv_file_magic_test_file=
lt_cv_ld_exported_symbols_list=yes
lt_cv_ld_force_load=yes
lt_cv_ld_reload_flag=-r
lt_cv_nm_interface='BSD nm'
lt_cv_objdir=.libs
lt_cv_path_LD=/Applications/Xcode.app/Contents/Developer/Toolchains/XcodeDefault.xctoolchain/usr/bin/ld
lt_cv_path_LDCXX=/Applications/Xcode.app/Contents/Developer/Toolchains/XcodeDefault.xctoolchain/usr/bin/ld
lt_cv_path_NM=/usr/bin/nm
lt_cv_path_mainfest_tool=no
lt_cv_prog_compiler_c_o=yes
lt_cv_prog_compiler_c_o_CXX=yes
lt_cv_prog_compiler_pic='-fno-common -DPIC'
lt_cv_prog_compiler_pic_CXX='-fno-common -DPIC'
lt_cv_prog_compiler_pic_works=yes
lt_cv_prog_compiler_pic_works_CXX=yes
lt_cv_prog_compiler_rtti_exceptions=yes
lt_cv_prog_compiler_static_works=no
lt_cv_prog_compiler_static_works_CXX=no
lt_cv_prog_gnu_ld=no
lt_cv_prog_gnu_ldcxx=no
lt_cv_sharedlib_from_linklib_cmd='printf %s\n'
lt_cv_sys_global_symbol_pipe='sed -n -e '\''s/^.*[	 ]\([BCDEGRST][BCDEGRST]*\)[	 ][	 ]*_\([_A-Za-z][_A-Za-z0-9]*\)$/\1 _\2 \2/p'\'' | sed '\''/ __gnu_lto/d'\'''
lt_cv_sys_global_symbol_to_c_name_address='sed -n -e '\''s/^: \(.*\) .*$/  {"\1", (void *) 0},/p'\'' -e '\''s/^[BCDEGRST][BCDEGRST]* .* \(.*\)$/  {"\1", (void *) \&\1},/p'\'''
lt_cv_sys_global_symbol_to_c_name_address_lib_prefix='sed -n -e '\''s/^: \(.*\) .*$/  {"\1", (void *) 0},/p'\'' -e '\''s/^[BCDEGRST][BCDEGRST]* .* \(lib.*\)$/  {"\1", (void *) \&\1},/p'\'' -e '\''s/^[BCDEGRST][BCDEGRST]* .* \(.*\)$/  {"lib\1", (void *) \&\1},/p'\'''
lt_cv_sys_global_symbol_to_cdecl='sed -n -e '\''s/^T .* \(.*\)$/extern int \1();/p'\'' -e '\''s/^[BCDEGRST][BCDEGRST]* .* \(.*\)$/extern char \1;/p'\'''
lt_cv_sys_global_symbol_to_import=
lt_cv_sys_max_cmd_len=196608
lt_cv_to_host_file_cmd=func_convert_file_noop
lt_cv_to_tool_file_cmd=func_convert_file_noop
lt_cv_truncate_bin='/bin/dd bs=4096 count=1'

## ----------------- ##
## Output variables. ##
## ----------------- ##

ACLOCAL='${SHELL} /Users/agruet/ktws/src/sandesha2c/missing aclocal-1.15'
AMDEPBACKSLASH='\'
AMDEP_FALSE='#'
AMDEP_TRUE=''
AMTAR='$${TAR-tar}'
AM_BACKSLASH='\'
AM_DEFAULT_V='$(AM_DEFAULT_VERBOSITY)'
AM_DEFAULT_VERBOSITY='1'
AM_V='$(V)'
APACHE2INC=''
APRINC=''
AR='ar'
AUTOCONF='${SHELL} /Users/agruet/ktws/src/sandesha2c/missing autoconf'
AUTOHEADER='${SHELL} /Users/agruet/ktws/src/sandesha2c/missing autoheader'
AUTOMAKE='${SHELL} /Users/agruet/ktws/src/sandesha2c/missing automake-1.15'
AWK='awk'
AXIS2INC='-I/usr/local/axis2c/include/axis2-1.6.0/'
CC='gcc'
CCDEPMODE='depmode=gcc3'
CFLAGS='-g -O2 -ansi -Wall -D_LARGEFILE64_SOURCE -g -Werror'
CPP='gcc -E'
CPPFLAGS=''
CXX='g++'
CXXCPP='g++ -E'
CXXDEPMODE='depmode=gcc3'
CXXFLAGS='-g -O2'
CYGPATH_W='echo'
DEFS='-DHAVE_CONFIG_H'
DEPDIR='.deps'
DLLTOOL='false'
DSYMUTIL='dsymutil'
DUMPBIN=''
ECHO_C='\c'
ECHO_N=''
ECHO_T=''
EGREP='/usr/bin/grep -E'
EXEEXT=''
FGREP='/usr/bin/grep -F'
GREP='/usr/bin/grep'
INSTALL_DATA='${INSTALL} -m 644'
INSTALL_PROGRAM='${INSTALL}'
INSTALL_SCRIPT='${INSTALL}'
INSTALL_STRIP_PROGRAM='$(install_sh) -c -s'
LD='/Applications/Xcode.app/Contents/Developer/Toolchains/XcodeDefault.xctoolchain/usr/bin/ld'
LDFLAGS='-L/lib -lpthread'
LIBOBJS=''
LIBS='-ldl '
LIBTOOL='$(SHELL) $(top_builddir)/libtool'
LIPO='lipo'
LN_S='ln -s'
LTLIBOBJS=''
LT_SYS_LIBRARY_PATH=''
MAKEINFO='${SHELL} /Users/agruet/ktws/src/sandesha2c/missing makeinfo'
MANIFEST_TOOL=':'
MKDIR_P='./../install-sh -c -d'
NM='/usr/bin/nm'
NMEDIT='nmedit'
OBJDUMP='false'
OBJEXT='o'
OTOOL64=':'
OTOOL='otool'
PACKAGE='sandesha2-sample-src'
PACKAGE_BUGREPORT=''
PACKAGE_NAME='sandesha2-sample-src'
PACKAGE_STRING='sandesha2-sample-src 0.94'
PACKAGE_TARNAME='sandesha2-sample-src'
PACKAGE_URL=''
PACKAGE_VERSION='0.94'
PATH_SEPARATOR=':'
RANLIB='ranlib'
SED='/usr/bin/sed'
SET_MAKE=''
SHELL='/bin/sh'
STRIP='strip'
VERSION='0.94'
ac_ct_AR='ar'
ac_ct_CC='gcc'
ac_ct_CXX='g++'
ac_ct_DUMPBIN=''
am__EXEEXT_FALSE=''
am__EXEEXT_TRUE='#'
am__fastdepCC_FALSE='#'
am__fastdepCC_TRUE=''
am__fastdepCXX_FALSE='#'
am__fastdepCXX_TRUE=''
am__include='include'
am__isrc=''
am__leading_dot='.'
am__nodep='_no'
am__quote=''
am__tar='$${TAR-tar} chof - "$$tardir"'
am__untar='$${TAR-tar} xf -'
bindir='${exec_prefix}/bin'
build='x86_64-apple-darwin14.5.0'
build_alias=''
build_cpu='x86_64'
build_os='darwin14.5.0'
build_vendor='apple'
datadir='${datarootdir}'
datarootdir='${prefix}/share'
docdir='${datarootdir}/doc/${PACKAGE_TARNAME}'
dvidir='${docdir}'
exec_prefix='${prefix}'
host='x86_64-apple-darwin14.5.0'
host_alias=''
host_cpu='x86_64'
host_os='darwin14.5.0'
host_vendor='apple'
htmldir='${docdir}'
includedir='${prefix}/include'
infodir='${datarootdir}/info'
install_sh='${SHELL} /Users/agruet/ktws/src/sandesha2c/install-sh'
libdir='${exec_prefix}/lib'
libexecdir='${exec_prefix}/libexec'
localedir='${datarootdir}/locale'
localstatedir='${prefix}/var'
mandir='${datarootdir}/man'
mkdir_p='$(MKDIR_P)'
oldincludedir='/usr/include'
pdfdir='${docdir}'
prefix='/usr/local/axis2c'
program_transform_name='s,x,x,'
psdir='${docdir}'
sbindir='${exec_prefix}/sbin'
sharedstatedir='${prefix}/com'
sysconfdir='${prefix}/etc'
target='x86_64-apple-darwin14.5.0'
target_alias=''
target_cpu='x86_64'
target_os='darwin14.5.0'
target_vendor='apple'

## ----------- ##
## confdefs.h. ##
## ----------- ##

/* confdefs.h */
#define PACKAGE_NAME "sandesha2-sample-src"
#define PACKAGE_TARNAME "sandesha2-sample-src"
#define PACKAGE_VERSION "0.94"
#define PACKAGE_STRING "sandesha2-sample-src 0.94"
#define PACKAGE_BUGREPORT ""
#define PACKAGE_URL ""
#define PACKAGE "sandesha2-sample-src"
#define VERSION "0.94"
#define STDC_HEADERS 1
#define HAVE_SYS_TYPES_H 1
#define HAVE_SYS_STAT_H 1
#define HAVE_STDLIB_H 1
#define HAVE_STRING_H 1
#define HAVE_MEMORY_H 1
#define HAVE_STRINGS_H 1
#define HAVE_INTTYPES_H 1
#define HAVE_STDINT_H 1
#define HAVE_UNISTD_H 1
#define HAVE_DLFCN_H 1
#define LT_OBJDIR ".libs/"
#define HAVE_LIBDL 1
#define STDC_HEADERS 1
#define HAVE_STDIO_H 1
#define HAVE_STDLIB_H 1
#define HAVE_STRING_H 1
#define HAVE_STDLIB_H 1
#define HAVE_MALLOC 1
#define HAVE_STDLIB_H 1
#define HAVE_REALLOC 1

configure: exit 0
